<?xml version="1.0" encoding="UTF-8"?>
<coverage generated="1512336218732" clover="3.2.0">
  <project timestamp="1512336218732" name="All files">
    <metrics statements="123" coveredstatements="122" conditionals="96" coveredconditionals="69" methods="23" coveredmethods="23" elements="242" coveredelements="214" complexity="0" loc="123" ncloc="123" packages="4" files="21" classes="21">
      <package name="mobile">
        <metrics statements="3" coveredstatements="2" conditionals="0" coveredconditionals="0" methods="0" coveredmethods="0"/>
        <file name="assetsTransformer.js" path="/home/pedro/Documentos/Projects/Faculdade/weshareashare/mobile/assetsTransformer.js">
          <metrics statements="3" coveredstatements="2" conditionals="0" coveredconditionals="0" methods="0" coveredmethods="0"/>
          <line num="1" count="12" type="stmt"/>
          <line num="3" count="12" type="stmt"/>
          <line num="5" count="0" type="stmt"/>
        </file>
      </package>
      <package name="mobile.App.Components.general">
        <metrics statements="15" coveredstatements="15" conditionals="8" coveredconditionals="6" methods="3" coveredmethods="3"/>
        <file name="Error.js" path="/home/pedro/Documentos/Projects/Faculdade/weshareashare/mobile/App/Components/general/Error.js">
          <metrics statements="5" coveredstatements="5" conditionals="2" coveredconditionals="2" methods="1" coveredmethods="1"/>
          <line num="19" count="1" type="stmt"/>
          <line num="20" count="2" type="stmt"/>
          <line num="40" count="1" type="stmt"/>
          <line num="41" count="1" type="stmt"/>
          <line num="42" count="1" type="stmt"/>
        </file>
        <file name="Loading.js" path="/home/pedro/Documentos/Projects/Faculdade/weshareashare/mobile/App/Components/general/Loading.js">
          <metrics statements="5" coveredstatements="5" conditionals="6" coveredconditionals="4" methods="1" coveredmethods="1"/>
          <line num="20" count="1" type="stmt"/>
          <line num="21" count="2" type="stmt"/>
          <line num="40" count="1" type="stmt"/>
          <line num="41" count="1" type="stmt"/>
          <line num="42" count="1" type="stmt"/>
        </file>
        <file name="Placeholder.js" path="/home/pedro/Documentos/Projects/Faculdade/weshareashare/mobile/App/Components/general/Placeholder.js">
          <metrics statements="5" coveredstatements="5" conditionals="0" coveredconditionals="0" methods="1" coveredmethods="1"/>
          <line num="18" count="1" type="stmt"/>
          <line num="19" count="2" type="stmt"/>
          <line num="24" count="1" type="stmt"/>
          <line num="25" count="1" type="stmt"/>
          <line num="26" count="1" type="stmt"/>
        </file>
      </package>
      <package name="mobile.App.Components.ui">
        <metrics statements="82" coveredstatements="82" conditionals="66" coveredconditionals="53" methods="18" coveredmethods="18"/>
        <file name="Button.js" path="/home/pedro/Documentos/Projects/Faculdade/weshareashare/mobile/App/Components/ui/Button.js">
          <metrics statements="21" coveredstatements="21" conditionals="26" coveredconditionals="25" methods="2" coveredmethods="2"/>
          <line num="38" count="11" type="stmt"/>
          <line num="67" count="11" type="cond" truecount="2" falsecount="0"/>
          <line num="68" count="4" type="stmt"/>
          <line num="69" count="4" type="stmt"/>
          <line num="71" count="4" type="cond" truecount="4" falsecount="0"/>
          <line num="72" count="1" type="stmt"/>
          <line num="78" count="11" type="cond" truecount="2" falsecount="0"/>
          <line num="79" count="1" type="stmt"/>
          <line num="80" count="1" type="stmt"/>
          <line num="82" count="1" type="cond" truecount="3" falsecount="1"/>
          <line num="83" count="1" type="stmt"/>
          <line num="91" count="11" type="cond" truecount="2" falsecount="0"/>
          <line num="92" count="3" type="stmt"/>
          <line num="93" count="3" type="cond" truecount="2" falsecount="0"/>
          <line num="94" count="3" type="stmt"/>
          <line num="95" count="3" type="stmt"/>
          <line num="96" count="3" type="stmt"/>
          <line num="98" count="3" type="cond" truecount="4" falsecount="0"/>
          <line num="99" count="1" type="stmt"/>
          <line num="106" count="11" type="stmt"/>
          <line num="109" count="11" type="stmt"/>
        </file>
        <file name="Card.js" path="/home/pedro/Documentos/Projects/Faculdade/weshareashare/mobile/App/Components/ui/Card.js">
          <metrics statements="7" coveredstatements="7" conditionals="4" coveredconditionals="2" methods="2" coveredmethods="2"/>
          <line num="35" count="3" type="stmt"/>
          <line num="62" count="3" type="cond" truecount="1" falsecount="1"/>
          <line num="63" count="3" type="stmt"/>
          <line num="66" count="3" type="cond" truecount="1" falsecount="1"/>
          <line num="67" count="3" type="stmt"/>
          <line num="70" count="3" type="stmt"/>
          <line num="73" count="3" type="stmt"/>
        </file>
        <file name="FormInput.js" path="/home/pedro/Documentos/Projects/Faculdade/weshareashare/mobile/App/Components/ui/FormInput.js">
          <metrics statements="7" coveredstatements="7" conditionals="4" coveredconditionals="2" methods="2" coveredmethods="2"/>
          <line num="34" count="1" type="stmt"/>
          <line num="54" count="1" type="cond" truecount="1" falsecount="1"/>
          <line num="55" count="1" type="stmt"/>
          <line num="58" count="1" type="cond" truecount="1" falsecount="1"/>
          <line num="59" count="1" type="stmt"/>
          <line num="62" count="1" type="stmt"/>
          <line num="65" count="1" type="stmt"/>
        </file>
        <file name="FormLabel.js" path="/home/pedro/Documentos/Projects/Faculdade/weshareashare/mobile/App/Components/ui/FormLabel.js">
          <metrics statements="5" coveredstatements="5" conditionals="2" coveredconditionals="1" methods="2" coveredmethods="2"/>
          <line num="32" count="1" type="stmt"/>
          <line num="44" count="1" type="cond" truecount="1" falsecount="1"/>
          <line num="45" count="1" type="stmt"/>
          <line num="48" count="1" type="stmt"/>
          <line num="51" count="1" type="stmt"/>
        </file>
        <file name="FormValidationMessage.js" path="/home/pedro/Documentos/Projects/Faculdade/weshareashare/mobile/App/Components/ui/FormValidationMessage.js">
          <metrics statements="7" coveredstatements="7" conditionals="4" coveredconditionals="2" methods="2" coveredmethods="2"/>
          <line num="34" count="4" type="stmt"/>
          <line num="44" count="4" type="cond" truecount="1" falsecount="1"/>
          <line num="45" count="4" type="stmt"/>
          <line num="48" count="4" type="cond" truecount="1" falsecount="1"/>
          <line num="49" count="4" type="stmt"/>
          <line num="52" count="4" type="stmt"/>
          <line num="55" count="4" type="stmt"/>
        </file>
        <file name="List.js" path="/home/pedro/Documentos/Projects/Faculdade/weshareashare/mobile/App/Components/ui/List.js">
          <metrics statements="5" coveredstatements="5" conditionals="2" coveredconditionals="1" methods="2" coveredmethods="2"/>
          <line num="29" count="1" type="stmt"/>
          <line num="39" count="1" type="cond" truecount="1" falsecount="1"/>
          <line num="40" count="1" type="stmt"/>
          <line num="43" count="1" type="stmt"/>
          <line num="46" count="1" type="stmt"/>
        </file>
        <file name="ListItem.js" path="/home/pedro/Documentos/Projects/Faculdade/weshareashare/mobile/App/Components/ui/ListItem.js">
          <metrics statements="9" coveredstatements="9" conditionals="6" coveredconditionals="3" methods="2" coveredmethods="2"/>
          <line num="39" count="3" type="stmt"/>
          <line num="53" count="3" type="cond" truecount="1" falsecount="1"/>
          <line num="54" count="3" type="stmt"/>
          <line num="57" count="3" type="cond" truecount="1" falsecount="1"/>
          <line num="58" count="3" type="stmt"/>
          <line num="61" count="3" type="cond" truecount="1" falsecount="1"/>
          <line num="62" count="3" type="stmt"/>
          <line num="65" count="3" type="stmt"/>
          <line num="68" count="3" type="stmt"/>
        </file>
        <file name="Spacer.js" path="/home/pedro/Documentos/Projects/Faculdade/weshareashare/mobile/App/Components/ui/Spacer.js">
          <metrics statements="5" coveredstatements="5" conditionals="0" coveredconditionals="0" methods="1" coveredmethods="1"/>
          <line num="14" count="5" type="stmt"/>
          <line num="15" count="6" type="stmt"/>
          <line num="25" count="5" type="stmt"/>
          <line num="26" count="5" type="stmt"/>
          <line num="27" count="5" type="stmt"/>
        </file>
        <file name="TabIcon.js" path="/home/pedro/Documentos/Projects/Faculdade/weshareashare/mobile/App/Components/ui/TabIcon.js">
          <metrics statements="4" coveredstatements="4" conditionals="2" coveredconditionals="1" methods="1" coveredmethods="1"/>
          <line num="14" count="6" type="stmt"/>
          <line num="15" count="1" type="stmt"/>
          <line num="22" count="6" type="stmt"/>
          <line num="23" count="6" type="stmt"/>
        </file>
        <file name="Text.js" path="/home/pedro/Documentos/Projects/Faculdade/weshareashare/mobile/App/Components/ui/Text.js">
          <metrics statements="12" coveredstatements="12" conditionals="16" coveredconditionals="16" methods="2" coveredmethods="2"/>
          <line num="45" count="13" type="stmt"/>
          <line num="50" count="13" type="cond" truecount="2" falsecount="0"/>
          <line num="51" count="13" type="cond" truecount="2" falsecount="0"/>
          <line num="52" count="13" type="cond" truecount="2" falsecount="0"/>
          <line num="53" count="13" type="cond" truecount="2" falsecount="0"/>
          <line num="54" count="13" type="cond" truecount="2" falsecount="0"/>
          <line num="55" count="13" type="cond" truecount="2" falsecount="0"/>
          <line num="56" count="13" type="cond" truecount="2" falsecount="0"/>
          <line num="58" count="13" type="cond" truecount="2" falsecount="0"/>
          <line num="59" count="2" type="stmt"/>
          <line num="62" count="13" type="stmt"/>
          <line num="65" count="13" type="stmt"/>
        </file>
        <file name="index.js" path="/home/pedro/Documentos/Projects/Faculdade/weshareashare/mobile/App/Components/ui/index.js">
          <metrics statements="0" coveredstatements="0" conditionals="0" coveredconditionals="0" methods="0" coveredmethods="0"/>
        </file>
      </package>
      <package name="mobile.App.Themes">
        <metrics statements="23" coveredstatements="23" conditionals="22" coveredconditionals="10" methods="2" coveredmethods="2"/>
        <file name="ApplicationStyles.js" path="/home/pedro/Documentos/Projects/Faculdade/weshareashare/mobile/App/Themes/ApplicationStyles.js">
          <metrics statements="1" coveredstatements="1" conditionals="0" coveredconditionals="0" methods="0" coveredmethods="0"/>
          <line num="6" count="12" type="stmt"/>
        </file>
        <file name="Assets.js" path="/home/pedro/Documentos/Projects/Faculdade/weshareashare/mobile/App/Themes/Assets.js">
          <metrics statements="2" coveredstatements="2" conditionals="0" coveredconditionals="0" methods="0" coveredmethods="0"/>
          <line num="1" count="12" type="stmt"/>
          <line num="15" count="12" type="stmt"/>
        </file>
        <file name="Colors.js" path="/home/pedro/Documentos/Projects/Faculdade/weshareashare/mobile/App/Themes/Colors.js">
          <metrics statements="6" coveredstatements="6" conditionals="0" coveredconditionals="0" methods="0" coveredmethods="0"/>
          <line num="1" count="12" type="stmt"/>
          <line num="35" count="12" type="stmt"/>
          <line num="41" count="12" type="stmt"/>
          <line num="48" count="12" type="stmt"/>
          <line num="55" count="12" type="stmt"/>
          <line num="59" count="12" type="stmt"/>
        </file>
        <file name="Fonts.js" path="/home/pedro/Documentos/Projects/Faculdade/weshareashare/mobile/App/Themes/Fonts.js">
          <metrics statements="3" coveredstatements="3" conditionals="2" coveredconditionals="2" methods="1" coveredmethods="1"/>
          <line num="4" count="60" type="cond" truecount="2" falsecount="0"/>
          <line num="5" count="60" type="stmt"/>
          <line num="8" count="12" type="stmt"/>
        </file>
        <file name="Metrics.js" path="/home/pedro/Documentos/Projects/Faculdade/weshareashare/mobile/App/Themes/Metrics.js">
          <metrics statements="11" coveredstatements="11" conditionals="20" coveredconditionals="8" methods="1" coveredmethods="1"/>
          <line num="3" count="12" type="stmt"/>
          <line num="4" count="12" type="stmt"/>
          <line num="6" count="12" type="cond" truecount="1" falsecount="3"/>
          <line num="7" count="12" type="cond" truecount="1" falsecount="3"/>
          <line num="9" count="12" type="stmt"/>
          <line num="11" count="12" type="stmt"/>
          <line num="14" count="156" type="stmt"/>
          <line num="17" count="12" type="stmt"/>
          <line num="18" count="12" type="cond" truecount="1" falsecount="1"/>
          <line num="19" count="12" type="cond" truecount="1" falsecount="1"/>
          <line num="22" count="12" type="stmt"/>
        </file>
        <file name="index.js" path="/home/pedro/Documentos/Projects/Faculdade/weshareashare/mobile/App/Themes/index.js">
          <metrics statements="0" coveredstatements="0" conditionals="0" coveredconditionals="0" methods="0" coveredmethods="0"/>
        </file>
      </package>
    </metrics>
  </project>
</coverage>
