{"/home/pedro/Documentos/Projects/Faculdade/weshareashare/mobile/assetsTransformer.js": {"path":"/home/pedro/Documentos/Projects/Faculdade/weshareashare/mobile/assetsTransformer.js","statementMap":{"0":{"start":{"line":1,"column":13},"end":{"line":1,"column":28}},"1":{"start":{"line":3,"column":0},"end":{"line":7,"column":2}},"2":{"start":{"line":5,"column":4},"end":{"line":5,"column":79}}},"fnMap":{},"branchMap":{},"s":{"0":12,"1":12,"2":0},"f":{},"b":{},"_coverageSchema":"332fd63041d2c1bcb487cc26dd0d5f7d97098a6c","hash":"a36a80422465daf8d3b0291d69eb4d52320e21b3"}
,"/home/pedro/Documentos/Projects/Faculdade/weshareashare/mobile/App/Components/general/Error.js": {"path":"/home/pedro/Documentos/Projects/Faculdade/weshareashare/mobile/App/Components/general/Error.js","statementMap":{"0":{"start":{"line":19,"column":14},"end":{"line":38,"column":1}},"1":{"start":{"line":20,"column":2},"end":{"line":37,"column":9}},"2":{"start":{"line":40,"column":0},"end":{"line":40,"column":71}},"3":{"start":{"line":41,"column":0},"end":{"line":41,"column":78}},"4":{"start":{"line":42,"column":0},"end":{"line":42,"column":30}}},"fnMap":{"0":{"name":"(anonymous_0)","decl":{"start":{"line":19,"column":14},"end":{"line":19,"column":15}},"loc":{"start":{"line":20,"column":2},"end":{"line":37,"column":9}},"line":20}},"branchMap":{"0":{"loc":{"start":{"line":29,"column":5},"end":{"line":35,"column":8}},"type":"binary-expr","locations":[{"start":{"line":29,"column":5},"end":{"line":29,"column":15}},{"start":{"line":30,"column":6},"end":{"line":35,"column":8}}],"line":29}},"s":{"0":1,"1":2,"2":1,"3":1,"4":1},"f":{"0":2},"b":{"0":[2,1]},"_coverageSchema":"332fd63041d2c1bcb487cc26dd0d5f7d97098a6c","hash":"314f6525e5afe9217ca27141685484a5191fbcb6"}
,"/home/pedro/Documentos/Projects/Faculdade/weshareashare/mobile/App/Components/general/Loading.js": {"path":"/home/pedro/Documentos/Projects/Faculdade/weshareashare/mobile/App/Components/general/Loading.js","statementMap":{"0":{"start":{"line":20,"column":16},"end":{"line":38,"column":1}},"1":{"start":{"line":21,"column":2},"end":{"line":37,"column":9}},"2":{"start":{"line":40,"column":0},"end":{"line":40,"column":76}},"3":{"start":{"line":41,"column":0},"end":{"line":41,"column":58}},"4":{"start":{"line":42,"column":0},"end":{"line":42,"column":34}}},"fnMap":{"0":{"name":"(anonymous_0)","decl":{"start":{"line":20,"column":16},"end":{"line":20,"column":17}},"loc":{"start":{"line":21,"column":2},"end":{"line":37,"column":9}},"line":21}},"branchMap":{"0":{"loc":{"start":{"line":25,"column":6},"end":{"line":25,"column":66}},"type":"binary-expr","locations":[{"start":{"line":25,"column":6},"end":{"line":25,"column":17}},{"start":{"line":25,"column":21},"end":{"line":25,"column":66}}],"line":25},"1":{"loc":{"start":{"line":31,"column":13},"end":{"line":31,"column":42}},"type":"cond-expr","locations":[{"start":{"line":31,"column":27},"end":{"line":31,"column":33}},{"start":{"line":31,"column":36},"end":{"line":31,"column":42}}],"line":31},"2":{"loc":{"start":{"line":36,"column":5},"end":{"line":36,"column":34}},"type":"binary-expr","locations":[{"start":{"line":36,"column":5},"end":{"line":36,"column":11}},{"start":{"line":36,"column":15},"end":{"line":36,"column":34}}],"line":36}},"s":{"0":1,"1":2,"2":1,"3":1,"4":1},"f":{"0":2},"b":{"0":[2,0],"1":[0,2],"2":[2,1]},"_coverageSchema":"332fd63041d2c1bcb487cc26dd0d5f7d97098a6c","hash":"054bd1bd50699f958ca81c19d8767c262d46850c"}
,"/home/pedro/Documentos/Projects/Faculdade/weshareashare/mobile/App/Components/general/Placeholder.js": {"path":"/home/pedro/Documentos/Projects/Faculdade/weshareashare/mobile/App/Components/general/Placeholder.js","statementMap":{"0":{"start":{"line":18,"column":20},"end":{"line":22,"column":1}},"1":{"start":{"line":19,"column":2},"end":{"line":21,"column":9}},"2":{"start":{"line":24,"column":0},"end":{"line":24,"column":51}},"3":{"start":{"line":25,"column":0},"end":{"line":25,"column":54}},"4":{"start":{"line":26,"column":0},"end":{"line":26,"column":42}}},"fnMap":{"0":{"name":"(anonymous_0)","decl":{"start":{"line":18,"column":20},"end":{"line":18,"column":21}},"loc":{"start":{"line":19,"column":2},"end":{"line":21,"column":9}},"line":19}},"branchMap":{},"s":{"0":1,"1":2,"2":1,"3":1,"4":1},"f":{"0":2},"b":{},"_coverageSchema":"332fd63041d2c1bcb487cc26dd0d5f7d97098a6c","hash":"faae1c1b088e5a87dff99f651cb3c1b4275b3a36"}
,"/home/pedro/Documentos/Projects/Faculdade/weshareashare/mobile/App/Components/ui/Button.js": {"path":"/home/pedro/Documentos/Projects/Faculdade/weshareashare/mobile/App/Components/ui/Button.js","statementMap":{"0":{"start":{"line":38,"column":18},"end":{"line":63,"column":5}},"1":{"start":{"line":67,"column":4},"end":{"line":77,"column":5}},"2":{"start":{"line":68,"column":6},"end":{"line":68,"column":26}},"3":{"start":{"line":69,"column":6},"end":{"line":69,"column":36}},"4":{"start":{"line":71,"column":6},"end":{"line":76,"column":7}},"5":{"start":{"line":72,"column":8},"end":{"line":75,"column":10}},"6":{"start":{"line":78,"column":4},"end":{"line":88,"column":5}},"7":{"start":{"line":79,"column":6},"end":{"line":79,"column":26}},"8":{"start":{"line":80,"column":6},"end":{"line":80,"column":37}},"9":{"start":{"line":82,"column":6},"end":{"line":87,"column":7}},"10":{"start":{"line":83,"column":8},"end":{"line":86,"column":10}},"11":{"start":{"line":91,"column":4},"end":{"line":104,"column":5}},"12":{"start":{"line":92,"column":6},"end":{"line":92,"column":27}},"13":{"start":{"line":93,"column":6},"end":{"line":93,"column":74}},"14":{"start":{"line":94,"column":6},"end":{"line":94,"column":39}},"15":{"start":{"line":95,"column":6},"end":{"line":95,"column":40}},"16":{"start":{"line":96,"column":6},"end":{"line":96,"column":57}},"17":{"start":{"line":98,"column":6},"end":{"line":103,"column":7}},"18":{"start":{"line":99,"column":8},"end":{"line":102,"column":10}},"19":{"start":{"line":106,"column":4},"end":{"line":106,"column":17}},"20":{"start":{"line":109,"column":17},"end":{"line":109,"column":51}}},"fnMap":{"0":{"name":"(anonymous_0)","decl":{"start":{"line":36,"column":16},"end":{"line":36,"column":17}},"loc":{"start":{"line":36,"column":22},"end":{"line":107,"column":3}},"line":36},"1":{"name":"(anonymous_1)","decl":{"start":{"line":109,"column":11},"end":{"line":109,"column":12}},"loc":{"start":{"line":109,"column":17},"end":{"line":109,"column":51}},"line":109}},"branchMap":{"0":{"loc":{"start":{"line":55,"column":23},"end":{"line":55,"column":69}},"type":"binary-expr","locations":[{"start":{"line":55,"column":23},"end":{"line":55,"column":49}},{"start":{"line":55,"column":53},"end":{"line":55,"column":69}}],"line":55},"1":{"loc":{"start":{"line":58,"column":12},"end":{"line":62,"column":16}},"type":"cond-expr","locations":[{"start":{"line":59,"column":10},"end":{"line":62,"column":9}},{"start":{"line":62,"column":12},"end":{"line":62,"column":16}}],"line":58},"2":{"loc":{"start":{"line":58,"column":13},"end":{"line":58,"column":52}},"type":"binary-expr","locations":[{"start":{"line":58,"column":13},"end":{"line":58,"column":28}},{"start":{"line":58,"column":32},"end":{"line":58,"column":52}}],"line":58},"3":{"loc":{"start":{"line":67,"column":4},"end":{"line":77,"column":5}},"type":"if","locations":[{"start":{"line":67,"column":4},"end":{"line":77,"column":5}},{"start":{"line":67,"column":4},"end":{"line":77,"column":5}}],"line":67},"4":{"loc":{"start":{"line":71,"column":6},"end":{"line":76,"column":7}},"type":"if","locations":[{"start":{"line":71,"column":6},"end":{"line":76,"column":7}},{"start":{"line":71,"column":6},"end":{"line":76,"column":7}}],"line":71},"5":{"loc":{"start":{"line":71,"column":10},"end":{"line":71,"column":39}},"type":"binary-expr","locations":[{"start":{"line":71,"column":10},"end":{"line":71,"column":20}},{"start":{"line":71,"column":24},"end":{"line":71,"column":39}}],"line":71},"6":{"loc":{"start":{"line":78,"column":4},"end":{"line":88,"column":5}},"type":"if","locations":[{"start":{"line":78,"column":4},"end":{"line":88,"column":5}},{"start":{"line":78,"column":4},"end":{"line":88,"column":5}}],"line":78},"7":{"loc":{"start":{"line":82,"column":6},"end":{"line":87,"column":7}},"type":"if","locations":[{"start":{"line":82,"column":6},"end":{"line":87,"column":7}},{"start":{"line":82,"column":6},"end":{"line":87,"column":7}}],"line":82},"8":{"loc":{"start":{"line":82,"column":10},"end":{"line":82,"column":39}},"type":"binary-expr","locations":[{"start":{"line":82,"column":10},"end":{"line":82,"column":20}},{"start":{"line":82,"column":24},"end":{"line":82,"column":39}}],"line":82},"9":{"loc":{"start":{"line":91,"column":4},"end":{"line":104,"column":5}},"type":"if","locations":[{"start":{"line":91,"column":4},"end":{"line":104,"column":5}},{"start":{"line":91,"column":4},"end":{"line":104,"column":5}}],"line":91},"10":{"loc":{"start":{"line":93,"column":30},"end":{"line":93,"column":73}},"type":"binary-expr","locations":[{"start":{"line":93,"column":30},"end":{"line":93,"column":56}},{"start":{"line":93,"column":60},"end":{"line":93,"column":73}}],"line":93},"11":{"loc":{"start":{"line":98,"column":6},"end":{"line":103,"column":7}},"type":"if","locations":[{"start":{"line":98,"column":6},"end":{"line":103,"column":7}},{"start":{"line":98,"column":6},"end":{"line":103,"column":7}}],"line":98},"12":{"loc":{"start":{"line":98,"column":10},"end":{"line":98,"column":39}},"type":"binary-expr","locations":[{"start":{"line":98,"column":10},"end":{"line":98,"column":20}},{"start":{"line":98,"column":24},"end":{"line":98,"column":39}}],"line":98}},"s":{"0":11,"1":11,"2":4,"3":4,"4":4,"5":1,"6":11,"7":1,"8":1,"9":1,"10":1,"11":11,"12":3,"13":3,"14":3,"15":3,"16":3,"17":3,"18":1,"19":11,"20":11},"f":{"0":11,"1":11},"b":{"0":[11,11],"1":[4,7],"2":[11,11],"3":[4,7],"4":[1,3],"5":[4,1],"6":[1,10],"7":[1,0],"8":[1,1],"9":[3,8],"10":[3,3],"11":[1,2],"12":[3,1]},"_coverageSchema":"332fd63041d2c1bcb487cc26dd0d5f7d97098a6c","hash":"6daf5bd6a8e07a0707d95a288993c1ba3b26e291"}
,"/home/pedro/Documentos/Projects/Faculdade/weshareashare/mobile/App/Components/ui/Card.js": {"path":"/home/pedro/Documentos/Projects/Faculdade/weshareashare/mobile/App/Components/ui/Card.js","statementMap":{"0":{"start":{"line":35,"column":18},"end":{"line":60,"column":5}},"1":{"start":{"line":62,"column":4},"end":{"line":64,"column":5}},"2":{"start":{"line":63,"column":6},"end":{"line":63,"column":59}},"3":{"start":{"line":66,"column":4},"end":{"line":68,"column":5}},"4":{"start":{"line":67,"column":6},"end":{"line":67,"column":51}},"5":{"start":{"line":70,"column":4},"end":{"line":70,"column":17}},"6":{"start":{"line":73,"column":17},"end":{"line":73,"column":47}}},"fnMap":{"0":{"name":"(anonymous_0)","decl":{"start":{"line":33,"column":14},"end":{"line":33,"column":15}},"loc":{"start":{"line":33,"column":20},"end":{"line":71,"column":3}},"line":33},"1":{"name":"(anonymous_1)","decl":{"start":{"line":73,"column":11},"end":{"line":73,"column":12}},"loc":{"start":{"line":73,"column":17},"end":{"line":73,"column":47}},"line":73}},"branchMap":{"0":{"loc":{"start":{"line":62,"column":4},"end":{"line":64,"column":5}},"type":"if","locations":[{"start":{"line":62,"column":4},"end":{"line":64,"column":5}},{"start":{"line":62,"column":4},"end":{"line":64,"column":5}}],"line":62},"1":{"loc":{"start":{"line":66,"column":4},"end":{"line":68,"column":5}},"type":"if","locations":[{"start":{"line":66,"column":4},"end":{"line":68,"column":5}},{"start":{"line":66,"column":4},"end":{"line":68,"column":5}}],"line":66}},"s":{"0":3,"1":3,"2":3,"3":3,"4":3,"5":3,"6":3},"f":{"0":3,"1":3},"b":{"0":[3,0],"1":[3,0]},"_coverageSchema":"332fd63041d2c1bcb487cc26dd0d5f7d97098a6c","hash":"d339b2cd39c80c40a0929357465222a9169fcf78"}
,"/home/pedro/Documentos/Projects/Faculdade/weshareashare/mobile/App/Components/ui/FormInput.js": {"path":"/home/pedro/Documentos/Projects/Faculdade/weshareashare/mobile/App/Components/ui/FormInput.js","statementMap":{"0":{"start":{"line":34,"column":18},"end":{"line":52,"column":5}},"1":{"start":{"line":54,"column":4},"end":{"line":56,"column":5}},"2":{"start":{"line":55,"column":6},"end":{"line":55,"column":59}},"3":{"start":{"line":58,"column":4},"end":{"line":60,"column":5}},"4":{"start":{"line":59,"column":6},"end":{"line":59,"column":51}},"5":{"start":{"line":62,"column":4},"end":{"line":62,"column":17}},"6":{"start":{"line":65,"column":17},"end":{"line":65,"column":53}}},"fnMap":{"0":{"name":"(anonymous_0)","decl":{"start":{"line":32,"column":15},"end":{"line":32,"column":16}},"loc":{"start":{"line":32,"column":21},"end":{"line":63,"column":3}},"line":32},"1":{"name":"(anonymous_1)","decl":{"start":{"line":65,"column":11},"end":{"line":65,"column":12}},"loc":{"start":{"line":65,"column":17},"end":{"line":65,"column":53}},"line":65}},"branchMap":{"0":{"loc":{"start":{"line":54,"column":4},"end":{"line":56,"column":5}},"type":"if","locations":[{"start":{"line":54,"column":4},"end":{"line":56,"column":5}},{"start":{"line":54,"column":4},"end":{"line":56,"column":5}}],"line":54},"1":{"loc":{"start":{"line":58,"column":4},"end":{"line":60,"column":5}},"type":"if","locations":[{"start":{"line":58,"column":4},"end":{"line":60,"column":5}},{"start":{"line":58,"column":4},"end":{"line":60,"column":5}}],"line":58}},"s":{"0":1,"1":1,"2":1,"3":1,"4":1,"5":1,"6":1},"f":{"0":1,"1":1},"b":{"0":[1,0],"1":[1,0]},"_coverageSchema":"332fd63041d2c1bcb487cc26dd0d5f7d97098a6c","hash":"e9e17244c39341f623e5b17728f15343277f59b3"}
,"/home/pedro/Documentos/Projects/Faculdade/weshareashare/mobile/App/Components/ui/FormLabel.js": {"path":"/home/pedro/Documentos/Projects/Faculdade/weshareashare/mobile/App/Components/ui/FormLabel.js","statementMap":{"0":{"start":{"line":32,"column":18},"end":{"line":42,"column":5}},"1":{"start":{"line":44,"column":4},"end":{"line":46,"column":5}},"2":{"start":{"line":45,"column":6},"end":{"line":45,"column":51}},"3":{"start":{"line":48,"column":4},"end":{"line":48,"column":17}},"4":{"start":{"line":51,"column":17},"end":{"line":51,"column":84}}},"fnMap":{"0":{"name":"(anonymous_0)","decl":{"start":{"line":30,"column":15},"end":{"line":30,"column":16}},"loc":{"start":{"line":30,"column":21},"end":{"line":49,"column":3}},"line":30},"1":{"name":"(anonymous_1)","decl":{"start":{"line":51,"column":11},"end":{"line":51,"column":12}},"loc":{"start":{"line":51,"column":17},"end":{"line":51,"column":84}},"line":51}},"branchMap":{"0":{"loc":{"start":{"line":44,"column":4},"end":{"line":46,"column":5}},"type":"if","locations":[{"start":{"line":44,"column":4},"end":{"line":46,"column":5}},{"start":{"line":44,"column":4},"end":{"line":46,"column":5}}],"line":44}},"s":{"0":1,"1":1,"2":1,"3":1,"4":1},"f":{"0":1,"1":1},"b":{"0":[1,0]},"_coverageSchema":"332fd63041d2c1bcb487cc26dd0d5f7d97098a6c","hash":"9546beea4e2aa703f39a9797c6f4e889f8dc325a"}
,"/home/pedro/Documentos/Projects/Faculdade/weshareashare/mobile/App/Components/ui/FormValidationMessage.js": {"path":"/home/pedro/Documentos/Projects/Faculdade/weshareashare/mobile/App/Components/ui/FormValidationMessage.js","statementMap":{"0":{"start":{"line":34,"column":18},"end":{"line":42,"column":5}},"1":{"start":{"line":44,"column":4},"end":{"line":46,"column":5}},"2":{"start":{"line":45,"column":6},"end":{"line":45,"column":59}},"3":{"start":{"line":48,"column":4},"end":{"line":50,"column":5}},"4":{"start":{"line":49,"column":6},"end":{"line":49,"column":51}},"5":{"start":{"line":52,"column":4},"end":{"line":52,"column":17}},"6":{"start":{"line":55,"column":17},"end":{"line":55,"column":65}}},"fnMap":{"0":{"name":"(anonymous_0)","decl":{"start":{"line":32,"column":15},"end":{"line":32,"column":16}},"loc":{"start":{"line":32,"column":21},"end":{"line":53,"column":3}},"line":32},"1":{"name":"(anonymous_1)","decl":{"start":{"line":55,"column":11},"end":{"line":55,"column":12}},"loc":{"start":{"line":55,"column":17},"end":{"line":55,"column":65}},"line":55}},"branchMap":{"0":{"loc":{"start":{"line":44,"column":4},"end":{"line":46,"column":5}},"type":"if","locations":[{"start":{"line":44,"column":4},"end":{"line":46,"column":5}},{"start":{"line":44,"column":4},"end":{"line":46,"column":5}}],"line":44},"1":{"loc":{"start":{"line":48,"column":4},"end":{"line":50,"column":5}},"type":"if","locations":[{"start":{"line":48,"column":4},"end":{"line":50,"column":5}},{"start":{"line":48,"column":4},"end":{"line":50,"column":5}}],"line":48}},"s":{"0":4,"1":4,"2":4,"3":4,"4":4,"5":4,"6":4},"f":{"0":4,"1":4},"b":{"0":[4,0],"1":[4,0]},"_coverageSchema":"332fd63041d2c1bcb487cc26dd0d5f7d97098a6c","hash":"91ef7d2c2d64db80a2916bcb85987d5fbf7f0100"}
,"/home/pedro/Documentos/Projects/Faculdade/weshareashare/mobile/App/Components/ui/List.js": {"path":"/home/pedro/Documentos/Projects/Faculdade/weshareashare/mobile/App/Components/ui/List.js","statementMap":{"0":{"start":{"line":29,"column":18},"end":{"line":37,"column":5}},"1":{"start":{"line":39,"column":4},"end":{"line":41,"column":5}},"2":{"start":{"line":40,"column":6},"end":{"line":40,"column":59}},"3":{"start":{"line":43,"column":4},"end":{"line":43,"column":17}},"4":{"start":{"line":46,"column":17},"end":{"line":46,"column":47}}},"fnMap":{"0":{"name":"(anonymous_0)","decl":{"start":{"line":27,"column":14},"end":{"line":27,"column":15}},"loc":{"start":{"line":27,"column":20},"end":{"line":44,"column":3}},"line":27},"1":{"name":"(anonymous_1)","decl":{"start":{"line":46,"column":11},"end":{"line":46,"column":12}},"loc":{"start":{"line":46,"column":17},"end":{"line":46,"column":47}},"line":46}},"branchMap":{"0":{"loc":{"start":{"line":39,"column":4},"end":{"line":41,"column":5}},"type":"if","locations":[{"start":{"line":39,"column":4},"end":{"line":41,"column":5}},{"start":{"line":39,"column":4},"end":{"line":41,"column":5}}],"line":39}},"s":{"0":1,"1":1,"2":1,"3":1,"4":1},"f":{"0":1,"1":1},"b":{"0":[1,0]},"_coverageSchema":"332fd63041d2c1bcb487cc26dd0d5f7d97098a6c","hash":"b5187063bd7c1a8667bb7794f43de354037c2c93"}
,"/home/pedro/Documentos/Projects/Faculdade/weshareashare/mobile/App/Components/ui/ListItem.js": {"path":"/home/pedro/Documentos/Projects/Faculdade/weshareashare/mobile/App/Components/ui/ListItem.js","statementMap":{"0":{"start":{"line":39,"column":18},"end":{"line":51,"column":5}},"1":{"start":{"line":53,"column":4},"end":{"line":55,"column":5}},"2":{"start":{"line":54,"column":6},"end":{"line":54,"column":59}},"3":{"start":{"line":57,"column":4},"end":{"line":59,"column":5}},"4":{"start":{"line":58,"column":6},"end":{"line":58,"column":51}},"5":{"start":{"line":61,"column":4},"end":{"line":63,"column":5}},"6":{"start":{"line":62,"column":6},"end":{"line":62,"column":57}},"7":{"start":{"line":65,"column":4},"end":{"line":65,"column":17}},"8":{"start":{"line":68,"column":17},"end":{"line":68,"column":55}}},"fnMap":{"0":{"name":"(anonymous_0)","decl":{"start":{"line":37,"column":18},"end":{"line":37,"column":19}},"loc":{"start":{"line":37,"column":24},"end":{"line":66,"column":3}},"line":37},"1":{"name":"(anonymous_1)","decl":{"start":{"line":68,"column":11},"end":{"line":68,"column":12}},"loc":{"start":{"line":68,"column":17},"end":{"line":68,"column":55}},"line":68}},"branchMap":{"0":{"loc":{"start":{"line":53,"column":4},"end":{"line":55,"column":5}},"type":"if","locations":[{"start":{"line":53,"column":4},"end":{"line":55,"column":5}},{"start":{"line":53,"column":4},"end":{"line":55,"column":5}}],"line":53},"1":{"loc":{"start":{"line":57,"column":4},"end":{"line":59,"column":5}},"type":"if","locations":[{"start":{"line":57,"column":4},"end":{"line":59,"column":5}},{"start":{"line":57,"column":4},"end":{"line":59,"column":5}}],"line":57},"2":{"loc":{"start":{"line":61,"column":4},"end":{"line":63,"column":5}},"type":"if","locations":[{"start":{"line":61,"column":4},"end":{"line":63,"column":5}},{"start":{"line":61,"column":4},"end":{"line":63,"column":5}}],"line":61}},"s":{"0":3,"1":3,"2":3,"3":3,"4":3,"5":3,"6":3,"7":3,"8":3},"f":{"0":3,"1":3},"b":{"0":[3,0],"1":[3,0],"2":[3,0]},"_coverageSchema":"332fd63041d2c1bcb487cc26dd0d5f7d97098a6c","hash":"a56a1d682bffa69f8266be5d7916c646ad6e251e"}
,"/home/pedro/Documentos/Projects/Faculdade/weshareashare/mobile/App/Components/ui/Spacer.js": {"path":"/home/pedro/Documentos/Projects/Faculdade/weshareashare/mobile/App/Components/ui/Spacer.js","statementMap":{"0":{"start":{"line":14,"column":15},"end":{"line":23,"column":1}},"1":{"start":{"line":15,"column":2},"end":{"line":22,"column":4}},"2":{"start":{"line":25,"column":0},"end":{"line":25,"column":46}},"3":{"start":{"line":26,"column":0},"end":{"line":26,"column":35}},"4":{"start":{"line":27,"column":0},"end":{"line":27,"column":32}}},"fnMap":{"0":{"name":"(anonymous_0)","decl":{"start":{"line":14,"column":15},"end":{"line":14,"column":16}},"loc":{"start":{"line":15,"column":2},"end":{"line":22,"column":4}},"line":15}},"branchMap":{},"s":{"0":5,"1":6,"2":5,"3":5,"4":5},"f":{"0":6},"b":{},"_coverageSchema":"332fd63041d2c1bcb487cc26dd0d5f7d97098a6c","hash":"0e4201c77b9a35a15f7e7af18f58e76a720b13da"}
,"/home/pedro/Documentos/Projects/Faculdade/weshareashare/mobile/App/Components/ui/TabIcon.js": {"path":"/home/pedro/Documentos/Projects/Faculdade/weshareashare/mobile/App/Components/ui/TabIcon.js","statementMap":{"0":{"start":{"line":14,"column":16},"end":{"line":20,"column":1}},"1":{"start":{"line":15,"column":2},"end":{"line":19,"column":4}},"2":{"start":{"line":22,"column":0},"end":{"line":22,"column":84}},"3":{"start":{"line":23,"column":0},"end":{"line":23,"column":59}}},"fnMap":{"0":{"name":"(anonymous_0)","decl":{"start":{"line":14,"column":16},"end":{"line":14,"column":17}},"loc":{"start":{"line":15,"column":2},"end":{"line":19,"column":4}},"line":15}},"branchMap":{"0":{"loc":{"start":{"line":18,"column":11},"end":{"line":18,"column":76}},"type":"cond-expr","locations":[{"start":{"line":18,"column":22},"end":{"line":18,"column":48}},{"start":{"line":18,"column":51},"end":{"line":18,"column":76}}],"line":18}},"s":{"0":6,"1":1,"2":6,"3":6},"f":{"0":1},"b":{"0":[1,0]},"_coverageSchema":"332fd63041d2c1bcb487cc26dd0d5f7d97098a6c","hash":"623584b6311a0a119c0492ed4e56a5194f677d30"}
,"/home/pedro/Documentos/Projects/Faculdade/weshareashare/mobile/App/Components/ui/Text.js": {"path":"/home/pedro/Documentos/Projects/Faculdade/weshareashare/mobile/App/Components/ui/Text.js","statementMap":{"0":{"start":{"line":45,"column":18},"end":{"line":48,"column":5}},"1":{"start":{"line":50,"column":4},"end":{"line":50,"column":58}},"2":{"start":{"line":50,"column":22},"end":{"line":50,"column":58}},"3":{"start":{"line":51,"column":4},"end":{"line":51,"column":60}},"4":{"start":{"line":51,"column":23},"end":{"line":51,"column":60}},"5":{"start":{"line":52,"column":4},"end":{"line":52,"column":60}},"6":{"start":{"line":52,"column":23},"end":{"line":52,"column":60}},"7":{"start":{"line":53,"column":4},"end":{"line":53,"column":60}},"8":{"start":{"line":53,"column":23},"end":{"line":53,"column":60}},"9":{"start":{"line":54,"column":4},"end":{"line":54,"column":60}},"10":{"start":{"line":54,"column":23},"end":{"line":54,"column":60}},"11":{"start":{"line":55,"column":4},"end":{"line":55,"column":60}},"12":{"start":{"line":55,"column":23},"end":{"line":55,"column":60}},"13":{"start":{"line":56,"column":4},"end":{"line":56,"column":69}},"14":{"start":{"line":56,"column":28},"end":{"line":56,"column":69}},"15":{"start":{"line":58,"column":4},"end":{"line":60,"column":5}},"16":{"start":{"line":59,"column":6},"end":{"line":59,"column":41}},"17":{"start":{"line":62,"column":4},"end":{"line":62,"column":17}},"18":{"start":{"line":65,"column":17},"end":{"line":65,"column":73}}},"fnMap":{"0":{"name":"(anonymous_0)","decl":{"start":{"line":43,"column":14},"end":{"line":43,"column":15}},"loc":{"start":{"line":43,"column":20},"end":{"line":63,"column":3}},"line":43},"1":{"name":"(anonymous_1)","decl":{"start":{"line":65,"column":11},"end":{"line":65,"column":12}},"loc":{"start":{"line":65,"column":17},"end":{"line":65,"column":73}},"line":65}},"branchMap":{"0":{"loc":{"start":{"line":50,"column":4},"end":{"line":50,"column":58}},"type":"if","locations":[{"start":{"line":50,"column":4},"end":{"line":50,"column":58}},{"start":{"line":50,"column":4},"end":{"line":50,"column":58}}],"line":50},"1":{"loc":{"start":{"line":51,"column":4},"end":{"line":51,"column":60}},"type":"if","locations":[{"start":{"line":51,"column":4},"end":{"line":51,"column":60}},{"start":{"line":51,"column":4},"end":{"line":51,"column":60}}],"line":51},"2":{"loc":{"start":{"line":52,"column":4},"end":{"line":52,"column":60}},"type":"if","locations":[{"start":{"line":52,"column":4},"end":{"line":52,"column":60}},{"start":{"line":52,"column":4},"end":{"line":52,"column":60}}],"line":52},"3":{"loc":{"start":{"line":53,"column":4},"end":{"line":53,"column":60}},"type":"if","locations":[{"start":{"line":53,"column":4},"end":{"line":53,"column":60}},{"start":{"line":53,"column":4},"end":{"line":53,"column":60}}],"line":53},"4":{"loc":{"start":{"line":54,"column":4},"end":{"line":54,"column":60}},"type":"if","locations":[{"start":{"line":54,"column":4},"end":{"line":54,"column":60}},{"start":{"line":54,"column":4},"end":{"line":54,"column":60}}],"line":54},"5":{"loc":{"start":{"line":55,"column":4},"end":{"line":55,"column":60}},"type":"if","locations":[{"start":{"line":55,"column":4},"end":{"line":55,"column":60}},{"start":{"line":55,"column":4},"end":{"line":55,"column":60}}],"line":55},"6":{"loc":{"start":{"line":56,"column":4},"end":{"line":56,"column":69}},"type":"if","locations":[{"start":{"line":56,"column":4},"end":{"line":56,"column":69}},{"start":{"line":56,"column":4},"end":{"line":56,"column":69}}],"line":56},"7":{"loc":{"start":{"line":58,"column":4},"end":{"line":60,"column":5}},"type":"if","locations":[{"start":{"line":58,"column":4},"end":{"line":60,"column":5}},{"start":{"line":58,"column":4},"end":{"line":60,"column":5}}],"line":58}},"s":{"0":13,"1":13,"2":1,"3":13,"4":2,"5":13,"6":1,"7":13,"8":1,"9":13,"10":1,"11":13,"12":1,"13":13,"14":1,"15":13,"16":2,"17":13,"18":13},"f":{"0":13,"1":13},"b":{"0":[1,12],"1":[2,11],"2":[1,12],"3":[1,12],"4":[1,12],"5":[1,12],"6":[1,12],"7":[2,11]},"_coverageSchema":"332fd63041d2c1bcb487cc26dd0d5f7d97098a6c","hash":"92af581d0ab9aa6a99f307f464f2880ca95f0af3"}
,"/home/pedro/Documentos/Projects/Faculdade/weshareashare/mobile/App/Components/ui/index.js": {"path":"/home/pedro/Documentos/Projects/Faculdade/weshareashare/mobile/App/Components/ui/index.js","statementMap":{},"fnMap":{},"branchMap":{},"s":{},"f":{},"b":{},"_coverageSchema":"332fd63041d2c1bcb487cc26dd0d5f7d97098a6c","hash":"768b773f330de89b98435606ff993c3d3b162d84"}
,"/home/pedro/Documentos/Projects/Faculdade/weshareashare/mobile/App/Themes/ApplicationStyles.js": {"path":"/home/pedro/Documentos/Projects/Faculdade/weshareashare/mobile/App/Themes/ApplicationStyles.js","statementMap":{"0":{"start":{"line":6,"column":26},"end":{"line":324,"column":1}}},"fnMap":{},"branchMap":{},"s":{"0":12},"f":{},"b":{},"_coverageSchema":"332fd63041d2c1bcb487cc26dd0d5f7d97098a6c","hash":"a62b221b00431ba56c0a41ff9daa02e76e764642"}
,"/home/pedro/Documentos/Projects/Faculdade/weshareashare/mobile/App/Themes/Assets.js": {"path":"/home/pedro/Documentos/Projects/Faculdade/weshareashare/mobile/App/Themes/Assets.js","statementMap":{"0":{"start":{"line":1,"column":15},"end":{"line":13,"column":1}},"1":{"start":{"line":15,"column":14},"end":{"line":20,"column":1}}},"fnMap":{},"branchMap":{},"s":{"0":12,"1":12},"f":{},"b":{},"_coverageSchema":"332fd63041d2c1bcb487cc26dd0d5f7d97098a6c","hash":"5d6e39ac1ffb5a98f1777f2d3162aa7840d24c78"}
,"/home/pedro/Documentos/Projects/Faculdade/weshareashare/mobile/App/Themes/Colors.js": {"path":"/home/pedro/Documentos/Projects/Faculdade/weshareashare/mobile/App/Themes/Colors.js","statementMap":{"0":{"start":{"line":1,"column":15},"end":{"line":33,"column":1}},"1":{"start":{"line":35,"column":12},"end":{"line":39,"column":1}},"2":{"start":{"line":41,"column":14},"end":{"line":46,"column":1}},"3":{"start":{"line":48,"column":13},"end":{"line":53,"column":1}},"4":{"start":{"line":55,"column":16},"end":{"line":57,"column":1}},"5":{"start":{"line":59,"column":15},"end":{"line":65,"column":1}}},"fnMap":{},"branchMap":{},"s":{"0":12,"1":12,"2":12,"3":12,"4":12,"5":12},"f":{},"b":{},"_coverageSchema":"332fd63041d2c1bcb487cc26dd0d5f7d97098a6c","hash":"f240bff57120c81df5eba0980a909bdcc9e9e180"}
,"/home/pedro/Documentos/Projects/Faculdade/weshareashare/mobile/App/Themes/Fonts.js": {"path":"/home/pedro/Documentos/Projects/Faculdade/weshareashare/mobile/App/Themes/Fonts.js","statementMap":{"0":{"start":{"line":4,"column":21},"end":{"line":4,"column":49}},"1":{"start":{"line":5,"column":2},"end":{"line":5,"column":58}},"2":{"start":{"line":8,"column":13},"end":{"line":19,"column":1}}},"fnMap":{"0":{"name":"lineHeight","decl":{"start":{"line":3,"column":9},"end":{"line":3,"column":19}},"loc":{"start":{"line":3,"column":30},"end":{"line":6,"column":1}},"line":3}},"branchMap":{"0":{"loc":{"start":{"line":4,"column":21},"end":{"line":4,"column":49}},"type":"cond-expr","locations":[{"start":{"line":4,"column":39},"end":{"line":4,"column":42}},{"start":{"line":4,"column":45},"end":{"line":4,"column":49}}],"line":4}},"s":{"0":60,"1":60,"2":12},"f":{"0":60},"b":{"0":[36,24]},"_coverageSchema":"332fd63041d2c1bcb487cc26dd0d5f7d97098a6c","hash":"8051d07b48b7edbecfc1ac535bdcf6e90b87df5f"}
,"/home/pedro/Documentos/Projects/Faculdade/weshareashare/mobile/App/Themes/Metrics.js": {"path":"/home/pedro/Documentos/Projects/Faculdade/weshareashare/mobile/App/Themes/Metrics.js","statementMap":{"0":{"start":{"line":3,"column":10},"end":{"line":3,"column":40}},"1":{"start":{"line":4,"column":10},"end":{"line":4,"column":41}},"2":{"start":{"line":6,"column":15},"end":{"line":6,"column":53}},"3":{"start":{"line":7,"column":15},"end":{"line":7,"column":53}},"4":{"start":{"line":9,"column":18},"end":{"line":9,"column":20}},"5":{"start":{"line":11,"column":13},"end":{"line":11,"column":31}},"6":{"start":{"line":14,"column":2},"end":{"line":14,"column":22}},"7":{"start":{"line":17,"column":26},"end":{"line":17,"column":50}},"8":{"start":{"line":18,"column":21},"end":{"line":18,"column":52}},"9":{"start":{"line":19,"column":20},"end":{"line":19,"column":51}},"10":{"start":{"line":22,"column":16},"end":{"line":88,"column":1}}},"fnMap":{"0":{"name":"em","decl":{"start":{"line":13,"column":9},"end":{"line":13,"column":11}},"loc":{"start":{"line":13,"column":19},"end":{"line":15,"column":1}},"line":13}},"branchMap":{"0":{"loc":{"start":{"line":6,"column":15},"end":{"line":6,"column":53}},"type":"cond-expr","locations":[{"start":{"line":6,"column":26},"end":{"line":6,"column":48}},{"start":{"line":6,"column":52},"end":{"line":6,"column":53}}],"line":6},"1":{"loc":{"start":{"line":6,"column":26},"end":{"line":6,"column":48}},"type":"cond-expr","locations":[{"start":{"line":6,"column":36},"end":{"line":6,"column":40}},{"start":{"line":6,"column":43},"end":{"line":6,"column":48}}],"line":6},"2":{"loc":{"start":{"line":7,"column":15},"end":{"line":7,"column":53}},"type":"cond-expr","locations":[{"start":{"line":7,"column":26},"end":{"line":7,"column":48}},{"start":{"line":7,"column":52},"end":{"line":7,"column":53}}],"line":7},"3":{"loc":{"start":{"line":7,"column":26},"end":{"line":7,"column":48}},"type":"cond-expr","locations":[{"start":{"line":7,"column":36},"end":{"line":7,"column":40}},{"start":{"line":7,"column":43},"end":{"line":7,"column":48}}],"line":7},"4":{"loc":{"start":{"line":18,"column":21},"end":{"line":18,"column":52}},"type":"cond-expr","locations":[{"start":{"line":18,"column":38},"end":{"line":18,"column":44}},{"start":{"line":18,"column":47},"end":{"line":18,"column":52}}],"line":18},"5":{"loc":{"start":{"line":19,"column":20},"end":{"line":19,"column":51}},"type":"cond-expr","locations":[{"start":{"line":19,"column":37},"end":{"line":19,"column":42}},{"start":{"line":19,"column":45},"end":{"line":19,"column":51}}],"line":19},"6":{"loc":{"start":{"line":32,"column":16},"end":{"line":32,"column":49}},"type":"cond-expr","locations":[{"start":{"line":32,"column":42},"end":{"line":32,"column":44}},{"start":{"line":32,"column":47},"end":{"line":32,"column":49}}],"line":32},"7":{"loc":{"start":{"line":49,"column":16},"end":{"line":49,"column":29}},"type":"cond-expr","locations":[{"start":{"line":49,"column":24},"end":{"line":49,"column":25}},{"start":{"line":49,"column":28},"end":{"line":49,"column":29}}],"line":49},"8":{"loc":{"start":{"line":50,"column":17},"end":{"line":50,"column":30}},"type":"cond-expr","locations":[{"start":{"line":50,"column":25},"end":{"line":50,"column":26}},{"start":{"line":50,"column":29},"end":{"line":50,"column":30}}],"line":50},"9":{"loc":{"start":{"line":81,"column":19},"end":{"line":81,"column":51}},"type":"cond-expr","locations":[{"start":{"line":81,"column":45},"end":{"line":81,"column":47}},{"start":{"line":81,"column":50},"end":{"line":81,"column":51}}],"line":81}},"s":{"0":12,"1":12,"2":12,"3":12,"4":12,"5":12,"6":156,"7":12,"8":12,"9":12,"10":12},"f":{"0":156},"b":{"0":[0,12],"1":[0,0],"2":[0,12],"3":[0,0],"4":[12,0],"5":[12,0],"6":[12,0],"7":[12,0],"8":[12,0],"9":[12,0]},"_coverageSchema":"332fd63041d2c1bcb487cc26dd0d5f7d97098a6c","hash":"b04c0c29307ef1ca166c780496468802fcb71069"}
,"/home/pedro/Documentos/Projects/Faculdade/weshareashare/mobile/App/Themes/index.js": {"path":"/home/pedro/Documentos/Projects/Faculdade/weshareashare/mobile/App/Themes/index.js","statementMap":{},"fnMap":{},"branchMap":{},"s":{},"f":{},"b":{},"_coverageSchema":"332fd63041d2c1bcb487cc26dd0d5f7d97098a6c","hash":"2829f155f65388531f2faa9c49929522e3ff2b32"}
}
