TN:
SF:/home/pedro/Documentos/Projects/Faculdade/weshareashare/mobile/assetsTransformer.js
FNF:0
FNH:0
DA:1,12
DA:3,12
DA:5,0
LF:3
LH:2
BRF:0
BRH:0
end_of_record
TN:
SF:/home/pedro/Documentos/Projects/Faculdade/weshareashare/mobile/App/Components/general/Error.js
FN:19,(anonymous_0)
FNF:1
FNH:1
FNDA:2,(anonymous_0)
DA:19,1
DA:20,2
DA:40,1
DA:41,1
DA:42,1
LF:5
LH:5
BRDA:29,0,0,2
BRDA:29,0,1,1
BRF:2
BRH:2
end_of_record
TN:
SF:/home/pedro/Documentos/Projects/Faculdade/weshareashare/mobile/App/Components/general/Loading.js
FN:20,(anonymous_0)
FNF:1
FNH:1
FNDA:2,(anonymous_0)
DA:20,1
DA:21,2
DA:40,1
DA:41,1
DA:42,1
LF:5
LH:5
BRDA:25,0,0,2
BRDA:25,0,1,0
BRDA:31,1,0,0
BRDA:31,1,1,2
BRDA:36,2,0,2
BRDA:36,2,1,1
BRF:6
BRH:4
end_of_record
TN:
SF:/home/pedro/Documentos/Projects/Faculdade/weshareashare/mobile/App/Components/general/Placeholder.js
FN:18,(anonymous_0)
FNF:1
FNH:1
FNDA:2,(anonymous_0)
DA:18,1
DA:19,2
DA:24,1
DA:25,1
DA:26,1
LF:5
LH:5
BRF:0
BRH:0
end_of_record
TN:
SF:/home/pedro/Documentos/Projects/Faculdade/weshareashare/mobile/App/Components/ui/Button.js
FN:36,(anonymous_0)
FN:109,(anonymous_1)
FNF:2
FNH:2
FNDA:11,(anonymous_0)
FNDA:11,(anonymous_1)
DA:38,11
DA:67,11
DA:68,4
DA:69,4
DA:71,4
DA:72,1
DA:78,11
DA:79,1
DA:80,1
DA:82,1
DA:83,1
DA:91,11
DA:92,3
DA:93,3
DA:94,3
DA:95,3
DA:96,3
DA:98,3
DA:99,1
DA:106,11
DA:109,11
LF:21
LH:21
BRDA:55,0,0,11
BRDA:55,0,1,11
BRDA:58,1,0,4
BRDA:58,1,1,7
BRDA:58,2,0,11
BRDA:58,2,1,11
BRDA:67,3,0,4
BRDA:67,3,1,7
BRDA:71,4,0,1
BRDA:71,4,1,3
BRDA:71,5,0,4
BRDA:71,5,1,1
BRDA:78,6,0,1
BRDA:78,6,1,10
BRDA:82,7,0,1
BRDA:82,7,1,0
BRDA:82,8,0,1
BRDA:82,8,1,1
BRDA:91,9,0,3
BRDA:91,9,1,8
BRDA:93,10,0,3
BRDA:93,10,1,3
BRDA:98,11,0,1
BRDA:98,11,1,2
BRDA:98,12,0,3
BRDA:98,12,1,1
BRF:26
BRH:25
end_of_record
TN:
SF:/home/pedro/Documentos/Projects/Faculdade/weshareashare/mobile/App/Components/ui/Card.js
FN:33,(anonymous_0)
FN:73,(anonymous_1)
FNF:2
FNH:2
FNDA:3,(anonymous_0)
FNDA:3,(anonymous_1)
DA:35,3
DA:62,3
DA:63,3
DA:66,3
DA:67,3
DA:70,3
DA:73,3
LF:7
LH:7
BRDA:62,0,0,3
BRDA:62,0,1,0
BRDA:66,1,0,3
BRDA:66,1,1,0
BRF:4
BRH:2
end_of_record
TN:
SF:/home/pedro/Documentos/Projects/Faculdade/weshareashare/mobile/App/Components/ui/FormInput.js
FN:32,(anonymous_0)
FN:65,(anonymous_1)
FNF:2
FNH:2
FNDA:1,(anonymous_0)
FNDA:1,(anonymous_1)
DA:34,1
DA:54,1
DA:55,1
DA:58,1
DA:59,1
DA:62,1
DA:65,1
LF:7
LH:7
BRDA:54,0,0,1
BRDA:54,0,1,0
BRDA:58,1,0,1
BRDA:58,1,1,0
BRF:4
BRH:2
end_of_record
TN:
SF:/home/pedro/Documentos/Projects/Faculdade/weshareashare/mobile/App/Components/ui/FormLabel.js
FN:30,(anonymous_0)
FN:51,(anonymous_1)
FNF:2
FNH:2
FNDA:1,(anonymous_0)
FNDA:1,(anonymous_1)
DA:32,1
DA:44,1
DA:45,1
DA:48,1
DA:51,1
LF:5
LH:5
BRDA:44,0,0,1
BRDA:44,0,1,0
BRF:2
BRH:1
end_of_record
TN:
SF:/home/pedro/Documentos/Projects/Faculdade/weshareashare/mobile/App/Components/ui/FormValidationMessage.js
FN:32,(anonymous_0)
FN:55,(anonymous_1)
FNF:2
FNH:2
FNDA:4,(anonymous_0)
FNDA:4,(anonymous_1)
DA:34,4
DA:44,4
DA:45,4
DA:48,4
DA:49,4
DA:52,4
DA:55,4
LF:7
LH:7
BRDA:44,0,0,4
BRDA:44,0,1,0
BRDA:48,1,0,4
BRDA:48,1,1,0
BRF:4
BRH:2
end_of_record
TN:
SF:/home/pedro/Documentos/Projects/Faculdade/weshareashare/mobile/App/Components/ui/List.js
FN:27,(anonymous_0)
FN:46,(anonymous_1)
FNF:2
FNH:2
FNDA:1,(anonymous_0)
FNDA:1,(anonymous_1)
DA:29,1
DA:39,1
DA:40,1
DA:43,1
DA:46,1
LF:5
LH:5
BRDA:39,0,0,1
BRDA:39,0,1,0
BRF:2
BRH:1
end_of_record
TN:
SF:/home/pedro/Documentos/Projects/Faculdade/weshareashare/mobile/App/Components/ui/ListItem.js
FN:37,(anonymous_0)
FN:68,(anonymous_1)
FNF:2
FNH:2
FNDA:3,(anonymous_0)
FNDA:3,(anonymous_1)
DA:39,3
DA:53,3
DA:54,3
DA:57,3
DA:58,3
DA:61,3
DA:62,3
DA:65,3
DA:68,3
LF:9
LH:9
BRDA:53,0,0,3
BRDA:53,0,1,0
BRDA:57,1,0,3
BRDA:57,1,1,0
BRDA:61,2,0,3
BRDA:61,2,1,0
BRF:6
BRH:3
end_of_record
TN:
SF:/home/pedro/Documentos/Projects/Faculdade/weshareashare/mobile/App/Components/ui/Spacer.js
FN:14,(anonymous_0)
FNF:1
FNH:1
FNDA:6,(anonymous_0)
DA:14,5
DA:15,6
DA:25,5
DA:26,5
DA:27,5
LF:5
LH:5
BRF:0
BRH:0
end_of_record
TN:
SF:/home/pedro/Documentos/Projects/Faculdade/weshareashare/mobile/App/Components/ui/TabIcon.js
FN:14,(anonymous_0)
FNF:1
FNH:1
FNDA:1,(anonymous_0)
DA:14,6
DA:15,1
DA:22,6
DA:23,6
LF:4
LH:4
BRDA:18,0,0,1
BRDA:18,0,1,0
BRF:2
BRH:1
end_of_record
TN:
SF:/home/pedro/Documentos/Projects/Faculdade/weshareashare/mobile/App/Components/ui/Text.js
FN:43,(anonymous_0)
FN:65,(anonymous_1)
FNF:2
FNH:2
FNDA:13,(anonymous_0)
FNDA:13,(anonymous_1)
DA:45,13
DA:50,13
DA:51,13
DA:52,13
DA:53,13
DA:54,13
DA:55,13
DA:56,13
DA:58,13
DA:59,2
DA:62,13
DA:65,13
LF:12
LH:12
BRDA:50,0,0,1
BRDA:50,0,1,12
BRDA:51,1,0,2
BRDA:51,1,1,11
BRDA:52,2,0,1
BRDA:52,2,1,12
BRDA:53,3,0,1
BRDA:53,3,1,12
BRDA:54,4,0,1
BRDA:54,4,1,12
BRDA:55,5,0,1
BRDA:55,5,1,12
BRDA:56,6,0,1
BRDA:56,6,1,12
BRDA:58,7,0,2
BRDA:58,7,1,11
BRF:16
BRH:16
end_of_record
TN:
SF:/home/pedro/Documentos/Projects/Faculdade/weshareashare/mobile/App/Components/ui/index.js
FNF:0
FNH:0
LF:0
LH:0
BRF:0
BRH:0
end_of_record
TN:
SF:/home/pedro/Documentos/Projects/Faculdade/weshareashare/mobile/App/Themes/ApplicationStyles.js
FNF:0
FNH:0
DA:6,12
LF:1
LH:1
BRF:0
BRH:0
end_of_record
TN:
SF:/home/pedro/Documentos/Projects/Faculdade/weshareashare/mobile/App/Themes/Assets.js
FNF:0
FNH:0
DA:1,12
DA:15,12
LF:2
LH:2
BRF:0
BRH:0
end_of_record
TN:
SF:/home/pedro/Documentos/Projects/Faculdade/weshareashare/mobile/App/Themes/Colors.js
FNF:0
FNH:0
DA:1,12
DA:35,12
DA:41,12
DA:48,12
DA:55,12
DA:59,12
LF:6
LH:6
BRF:0
BRH:0
end_of_record
TN:
SF:/home/pedro/Documentos/Projects/Faculdade/weshareashare/mobile/App/Themes/Fonts.js
FN:3,lineHeight
FNF:1
FNH:1
FNDA:60,lineHeight
DA:4,60
DA:5,60
DA:8,12
LF:3
LH:3
BRDA:4,0,0,36
BRDA:4,0,1,24
BRF:2
BRH:2
end_of_record
TN:
SF:/home/pedro/Documentos/Projects/Faculdade/weshareashare/mobile/App/Themes/Metrics.js
FN:13,em
FNF:1
FNH:1
FNDA:156,em
DA:3,12
DA:4,12
DA:6,12
DA:7,12
DA:9,12
DA:11,12
DA:14,156
DA:17,12
DA:18,12
DA:19,12
DA:22,12
LF:11
LH:11
BRDA:6,0,0,0
BRDA:6,0,1,12
BRDA:6,1,0,0
BRDA:6,1,1,0
BRDA:7,2,0,0
BRDA:7,2,1,12
BRDA:7,3,0,0
BRDA:7,3,1,0
BRDA:18,4,0,12
BRDA:18,4,1,0
BRDA:19,5,0,12
BRDA:19,5,1,0
BRDA:32,6,0,12
BRDA:32,6,1,0
BRDA:49,7,0,12
BRDA:49,7,1,0
BRDA:50,8,0,12
BRDA:50,8,1,0
BRDA:81,9,0,12
BRDA:81,9,1,0
BRF:20
BRH:8
end_of_record
TN:
SF:/home/pedro/Documentos/Projects/Faculdade/weshareashare/mobile/App/Themes/index.js
FNF:0
FNH:0
LF:0
LH:0
BRF:0
BRH:0
end_of_record
